0 info it worked if it ends with ok
1 verbose cli [ '/usr/bin/node',
1 verbose cli   '/usr/bin/npm',
1 verbose cli   'install',
1 verbose cli   '-g',
1 verbose cli   'karma-firefox-launcher' ]
2 info using npm@1.4.28
3 info using node@v0.10.37
4 verbose node symlink /usr/bin/node
5 verbose cache add [ 'karma-firefox-launcher', null ]
6 verbose cache add name=undefined spec="karma-firefox-launcher" args=["karma-firefox-launcher",null]
7 verbose parsed url { protocol: null,
7 verbose parsed url   slashes: null,
7 verbose parsed url   auth: null,
7 verbose parsed url   host: null,
7 verbose parsed url   port: null,
7 verbose parsed url   hostname: null,
7 verbose parsed url   hash: null,
7 verbose parsed url   search: null,
7 verbose parsed url   query: null,
7 verbose parsed url   pathname: 'karma-firefox-launcher',
7 verbose parsed url   path: 'karma-firefox-launcher',
7 verbose parsed url   href: 'karma-firefox-launcher' }
8 silly lockFile d7694a42-karma-firefox-launcher karma-firefox-launcher
9 verbose lock karma-firefox-launcher /home/vagrant/.npm/d7694a42-karma-firefox-launcher.lock
10 silly lockFile d7694a42-karma-firefox-launcher karma-firefox-launcher
11 silly lockFile d7694a42-karma-firefox-launcher karma-firefox-launcher
12 verbose addNamed [ 'karma-firefox-launcher', '' ]
13 verbose addNamed [ null, '*' ]
14 silly lockFile 2da53663-karma-firefox-launcher karma-firefox-launcher@
15 verbose lock karma-firefox-launcher@ /home/vagrant/.npm/2da53663-karma-firefox-launcher.lock
16 silly addNameRange { name: 'karma-firefox-launcher', range: '*', hasData: false }
17 verbose request where is /karma-firefox-launcher
18 verbose request registry https://registry.npmjs.org/
19 verbose request id 6f81797d2ba7a649
20 verbose url raw /karma-firefox-launcher
21 verbose url resolving [ 'https://registry.npmjs.org/', './karma-firefox-launcher' ]
22 verbose url resolved https://registry.npmjs.org/karma-firefox-launcher
23 verbose request where is https://registry.npmjs.org/karma-firefox-launcher
24 info trying registry request attempt 1 at 13:10:29
25 http GET https://registry.npmjs.org/karma-firefox-launcher
26 http 200 https://registry.npmjs.org/karma-firefox-launcher
27 silly registry.get cb [ 200,
27 silly registry.get   { server: 'CouchDB/1.5.0 (Erlang OTP/R16B03)',
27 silly registry.get     etag: '"D4OBQCFC8LVCP0JDZB5W04MK4"',
27 silly registry.get     'content-type': 'application/json',
27 silly registry.get     'cache-control': 'max-age=60',
27 silly registry.get     'content-length': '22488',
27 silly registry.get     'accept-ranges': 'bytes',
27 silly registry.get     date: 'Thu, 26 Nov 2015 13:10:59 GMT',
27 silly registry.get     via: '1.1 varnish',
27 silly registry.get     age: '42',
27 silly registry.get     connection: 'keep-alive',
27 silly registry.get     'x-served-by': 'cache-ams4133-AMS',
27 silly registry.get     'x-cache': 'HIT',
27 silly registry.get     'x-cache-hits': '1',
27 silly registry.get     'x-timer': 'S1448543459.162115,VS0,VE0',
27 silly registry.get     vary: 'Accept' } ]
28 silly addNameRange number 2 { name: 'karma-firefox-launcher', range: '*', hasData: true }
29 silly addNameRange versions [ 'karma-firefox-launcher',
29 silly addNameRange   [ '0.0.1',
29 silly addNameRange     '0.0.2',
29 silly addNameRange     '0.0.3',
29 silly addNameRange     '0.1.0',
29 silly addNameRange     '0.1.1',
29 silly addNameRange     '0.1.2',
29 silly addNameRange     '0.1.3',
29 silly addNameRange     '0.1.4',
29 silly addNameRange     '0.1.5',
29 silly addNameRange     '0.1.6',
29 silly addNameRange     '0.1.7' ] ]
30 verbose addNamed [ 'karma-firefox-launcher', '0.1.7' ]
31 verbose addNamed [ '0.1.7', '0.1.7' ]
32 silly lockFile d5426f7f-karma-firefox-launcher-0-1-7 karma-firefox-launcher@0.1.7
33 verbose lock karma-firefox-launcher@0.1.7 /home/vagrant/.npm/d5426f7f-karma-firefox-launcher-0-1-7.lock
34 silly lockFile b66d4ef8-karma-firefox-launcher-0-1-7-tgz https://registry.npmjs.org/karma-firefox-launcher/-/karma-firefox-launcher-0.1.7.tgz
35 verbose lock https://registry.npmjs.org/karma-firefox-launcher/-/karma-firefox-launcher-0.1.7.tgz /home/vagrant/.npm/b66d4ef8-karma-firefox-launcher-0-1-7-tgz.lock
36 verbose addRemoteTarball [ 'https://registry.npmjs.org/karma-firefox-launcher/-/karma-firefox-launcher-0.1.7.tgz',
36 verbose addRemoteTarball   'c05dd86533691e62f31952595098e8bd357d39f3' ]
37 info retry fetch attempt 1 at 13:10:30
38 verbose fetch to= /tmp/npm-14619-M0RAzrkM/registry.npmjs.org/karma-firefox-launcher/-/karma-firefox-launcher-0.1.7.tgz
39 http GET https://registry.npmjs.org/karma-firefox-launcher/-/karma-firefox-launcher-0.1.7.tgz
40 http 200 https://registry.npmjs.org/karma-firefox-launcher/-/karma-firefox-launcher-0.1.7.tgz
41 silly lockFile b66d4ef8-karma-firefox-launcher-0-1-7-tgz https://registry.npmjs.org/karma-firefox-launcher/-/karma-firefox-launcher-0.1.7.tgz
42 silly lockFile b66d4ef8-karma-firefox-launcher-0-1-7-tgz https://registry.npmjs.org/karma-firefox-launcher/-/karma-firefox-launcher-0.1.7.tgz
43 silly lockFile d5426f7f-karma-firefox-launcher-0-1-7 karma-firefox-launcher@0.1.7
44 silly lockFile d5426f7f-karma-firefox-launcher-0-1-7 karma-firefox-launcher@0.1.7
45 silly lockFile 2da53663-karma-firefox-launcher karma-firefox-launcher@
46 silly lockFile 2da53663-karma-firefox-launcher karma-firefox-launcher@
47 silly resolved [ { name: 'karma-firefox-launcher',
47 silly resolved     version: '0.1.7',
47 silly resolved     description: 'A Karma plugin. Launcher for Firefox.',
47 silly resolved     main: 'index.js',
47 silly resolved     scripts: { test: 'echo "Error: no test specified" && exit 1' },
47 silly resolved     repository:
47 silly resolved      { type: 'git',
47 silly resolved        url: 'git://github.com/karma-runner/karma-firefox-launcher.git' },
47 silly resolved     keywords: [ 'karma-plugin', 'karma-launcher', 'firefox' ],
47 silly resolved     author: { name: 'Vojta Jina', email: 'vojta.jina@gmail.com' },
47 silly resolved     license: 'MIT',
47 silly resolved     devDependencies:
47 silly resolved      { grunt: '~0.4.1',
47 silly resolved        'grunt-npm': '~0.0.2',
47 silly resolved        'grunt-bump': '~0.0.7',
47 silly resolved        'grunt-auto-release': '~0.0.2' },
47 silly resolved     contributors:
47 silly resolved      [ [Object],
47 silly resolved        [Object],
47 silly resolved        [Object],
47 silly resolved        [Object],
47 silly resolved        [Object],
47 silly resolved        [Object],
47 silly resolved        [Object],
47 silly resolved        [Object],
47 silly resolved        [Object],
47 silly resolved        [Object],
47 silly resolved        [Object],
47 silly resolved        [Object],
47 silly resolved        [Object],
47 silly resolved        [Object],
47 silly resolved        [Object],
47 silly resolved        [Object],
47 silly resolved        [Object],
47 silly resolved        [Object],
47 silly resolved        [Object],
47 silly resolved        [Object],
47 silly resolved        [Object] ],
47 silly resolved     gitHead: '670e3df53e01fca5a834d5a8c2b98cecefcf94c6',
47 silly resolved     bugs: { url: 'https://github.com/karma-runner/karma-firefox-launcher/issues' },
47 silly resolved     homepage: 'https://github.com/karma-runner/karma-firefox-launcher#readme',
47 silly resolved     _id: 'karma-firefox-launcher@0.1.7',
47 silly resolved     _shasum: 'c05dd86533691e62f31952595098e8bd357d39f3',
47 silly resolved     _from: 'karma-firefox-launcher@',
47 silly resolved     _npmVersion: '3.3.12',
47 silly resolved     _nodeVersion: '4.1.2',
47 silly resolved     _npmUser: { name: 'dignifiedquire', email: 'dignifiedquire@gmail.com' },
47 silly resolved     dist:
47 silly resolved      { shasum: 'c05dd86533691e62f31952595098e8bd357d39f3',
47 silly resolved        tarball: 'http://registry.npmjs.org/karma-firefox-launcher/-/karma-firefox-launcher-0.1.7.tgz' },
47 silly resolved     maintainers: [ [Object], [Object], [Object], [Object] ],
47 silly resolved     directories: {},
47 silly resolved     _resolved: 'https://registry.npmjs.org/karma-firefox-launcher/-/karma-firefox-launcher-0.1.7.tgz' } ]
48 info install karma-firefox-launcher@0.1.7 into /usr/lib
49 info installOne karma-firefox-launcher@0.1.7
50 verbose lib/node_modules/karma-firefox-launcher unbuild
51 verbose tar unpack /home/vagrant/.npm/karma-firefox-launcher/0.1.7/package.tgz
52 silly lockFile 8098651e-e-modules-karma-firefox-launcher tar:///usr/lib/node_modules/karma-firefox-launcher
53 verbose lock tar:///usr/lib/node_modules/karma-firefox-launcher /home/vagrant/.npm/8098651e-e-modules-karma-firefox-launcher.lock
54 silly lockFile c7e166b0-refox-launcher-0-1-7-package-tgz tar:///home/vagrant/.npm/karma-firefox-launcher/0.1.7/package.tgz
55 verbose lock tar:///home/vagrant/.npm/karma-firefox-launcher/0.1.7/package.tgz /home/vagrant/.npm/c7e166b0-refox-launcher-0-1-7-package-tgz.lock
56 silly gunzTarPerm modes [ '775', '664' ]
57 error Error: EACCES, mkdir '/usr/lib/node_modules/karma-firefox-launcher'
57 error  { [Error: EACCES, mkdir '/usr/lib/node_modules/karma-firefox-launcher']
57 error   errno: 3,
57 error   code: 'EACCES',
57 error   path: '/usr/lib/node_modules/karma-firefox-launcher',
57 error   fstream_type: 'Directory',
57 error   fstream_path: '/usr/lib/node_modules/karma-firefox-launcher',
57 error   fstream_class: 'DirWriter',
57 error   fstream_stack:
57 error    [ '/usr/lib/node_modules/npm/node_modules/fstream/lib/dir-writer.js:36:23',
57 error      '/usr/lib/node_modules/npm/node_modules/mkdirp/index.js:46:53',
57 error      'Object.oncomplete (fs.js:108:15)' ] }
58 error Please try running this command again as root/Administrator.
59 error System Linux 3.2.0-23-generic-pae
60 error command "/usr/bin/node" "/usr/bin/npm" "install" "-g" "karma-firefox-launcher"
61 error cwd /usr/lib/ohc/opal-opat
62 error node -v v0.10.37
63 error npm -v 1.4.28
64 error path /usr/lib/node_modules/karma-firefox-launcher
65 error fstream_path /usr/lib/node_modules/karma-firefox-launcher
66 error fstream_type Directory
67 error fstream_class DirWriter
68 error code EACCES
69 error errno 3
70 error stack Error: EACCES, mkdir '/usr/lib/node_modules/karma-firefox-launcher'
71 error fstream_stack /usr/lib/node_modules/npm/node_modules/fstream/lib/dir-writer.js:36:23
71 error fstream_stack /usr/lib/node_modules/npm/node_modules/mkdirp/index.js:46:53
71 error fstream_stack Object.oncomplete (fs.js:108:15)
72 verbose exit [ 3, true ]
